<?xml version="1.0" encoding="UTF-8"?>
<!-- Generated by org.testng.reporters.JUnitReportReporter -->
<testsuite skipped="0" hostname="VDC01LTC2013" name="SIOT.Samsung.Test.GenericClass" tests="1" failures="0" timestamp="16 May 2018 06:27:59 GMT" time="0.009" errors="0">
  <testcase name="Test" time="0.009" classname="SIOT.Samsung.Test.GenericClass"/>
</testsuite> <!-- SIOT.Samsung.Test.GenericClass -->
