<?xml version="1.0" encoding="UTF-8"?>
<!-- Generated by org.testng.reporters.JUnitReportReporter -->
<testsuite skipped="0" hostname="VDC01LTC2013" name="SIOT.Samsung.Test.BaseClass" tests="1" failures="0" timestamp="11 May 2018 09:16:17 GMT" time="5.823" errors="0">
  <testcase name="setUp" time="5.823" classname="SIOT.Samsung.Test.BaseClass"/>
</testsuite> <!-- SIOT.Samsung.Test.BaseClass -->
