<?xml version="1.0" encoding="UTF-8"?>
<!-- Generated by org.testng.reporters.JUnitReportReporter -->
<testsuite skipped="0" hostname="VDC01LTC2013" name="SIOT.Samsung.Test.RunnerTest" tests="1" failures="0" timestamp="16 May 2018 12:55:39 GMT" time="53.369" errors="0">
  <testcase name="feature" time="53.369" classname="SIOT.Samsung.Test.RunnerTest"/>
</testsuite> <!-- SIOT.Samsung.Test.RunnerTest -->
